<?xml version="1.0" encoding="UTF-8" standalone="no"?>
<FileDump>
    <Message1>
        <From>Joe.doe@gmail.com</From>
        <Message>Hi Jane</Message>
    </Message1>
</FileDump>
